4864  execve("./build/dev_laba_2", ["./build/dev_laba_2", "4", "100000"], 0xfffff4e6a0f8 /* 78 vars */) = 0
4864  brk(NULL)                         = 0xaaab13dde000
4864  mmap(NULL, 8192, PROT_READ|PROT_WRITE, MAP_PRIVATE|MAP_ANONYMOUS, -1, 0) = 0xffffbcdc6000
4864  faccessat(AT_FDCWD, "/etc/ld.so.preload", R_OK) = -1 ENOENT (No such file or directory)
4864  openat(AT_FDCWD, "/home/xololibra/devel/lib/tls/aarch64/atomics/libpthread.so.0", O_RDONLY|O_CLOEXEC) = -1 ENOENT (No such file or directory)
4864  newfstatat(AT_FDCWD, "/home/xololibra/devel/lib/tls/aarch64/atomics", 0xffffc4627470, 0) = -1 ENOENT (No such file or directory)
4864  openat(AT_FDCWD, "/home/xololibra/devel/lib/tls/aarch64/libpthread.so.0", O_RDONLY|O_CLOEXEC) = -1 ENOENT (No such file or directory)
4864  newfstatat(AT_FDCWD, "/home/xololibra/devel/lib/tls/aarch64", 0xffffc4627470, 0) = -1 ENOENT (No such file or directory)
4864  openat(AT_FDCWD, "/home/xololibra/devel/lib/tls/atomics/libpthread.so.0", O_RDONLY|O_CLOEXEC) = -1 ENOENT (No such file or directory)
4864  newfstatat(AT_FDCWD, "/home/xololibra/devel/lib/tls/atomics", 0xffffc4627470, 0) = -1 ENOENT (No such file or directory)
4864  openat(AT_FDCWD, "/home/xololibra/devel/lib/tls/libpthread.so.0", O_RDONLY|O_CLOEXEC) = -1 ENOENT (No such file or directory)
4864  newfstatat(AT_FDCWD, "/home/xololibra/devel/lib/tls", 0xffffc4627470, 0) = -1 ENOENT (No such file or directory)
4864  openat(AT_FDCWD, "/home/xololibra/devel/lib/aarch64/atomics/libpthread.so.0", O_RDONLY|O_CLOEXEC) = -1 ENOENT (No such file or directory)
4864  newfstatat(AT_FDCWD, "/home/xololibra/devel/lib/aarch64/atomics", 0xffffc4627470, 0) = -1 ENOENT (No such file or directory)
4864  openat(AT_FDCWD, "/home/xololibra/devel/lib/aarch64/libpthread.so.0", O_RDONLY|O_CLOEXEC) = -1 ENOENT (No such file or directory)
4864  newfstatat(AT_FDCWD, "/home/xololibra/devel/lib/aarch64", 0xffffc4627470, 0) = -1 ENOENT (No such file or directory)
4864  openat(AT_FDCWD, "/home/xololibra/devel/lib/atomics/libpthread.so.0", O_RDONLY|O_CLOEXEC) = -1 ENOENT (No such file or directory)
4864  newfstatat(AT_FDCWD, "/home/xololibra/devel/lib/atomics", 0xffffc4627470, 0) = -1 ENOENT (No such file or directory)
4864  openat(AT_FDCWD, "/home/xololibra/devel/lib/libpthread.so.0", O_RDONLY|O_CLOEXEC) = -1 ENOENT (No such file or directory)
4864  newfstatat(AT_FDCWD, "/home/xololibra/devel/lib", {st_mode=S_IFDIR|0775, st_size=12288, ...}, 0) = 0
4864  openat(AT_FDCWD, "/opt/ros/noetic/lib/tls/aarch64/atomics/libpthread.so.0", O_RDONLY|O_CLOEXEC) = -1 ENOENT (No such file or directory)
4864  newfstatat(AT_FDCWD, "/opt/ros/noetic/lib/tls/aarch64/atomics", 0xffffc4627470, 0) = -1 ENOENT (No such file or directory)
4864  openat(AT_FDCWD, "/opt/ros/noetic/lib/tls/aarch64/libpthread.so.0", O_RDONLY|O_CLOEXEC) = -1 ENOENT (No such file or directory)
4864  newfstatat(AT_FDCWD, "/opt/ros/noetic/lib/tls/aarch64", 0xffffc4627470, 0) = -1 ENOENT (No such file or directory)
4864  openat(AT_FDCWD, "/opt/ros/noetic/lib/tls/atomics/libpthread.so.0", O_RDONLY|O_CLOEXEC) = -1 ENOENT (No such file or directory)
4864  newfstatat(AT_FDCWD, "/opt/ros/noetic/lib/tls/atomics", 0xffffc4627470, 0) = -1 ENOENT (No such file or directory)
4864  openat(AT_FDCWD, "/opt/ros/noetic/lib/tls/libpthread.so.0", O_RDONLY|O_CLOEXEC) = -1 ENOENT (No such file or directory)
4864  newfstatat(AT_FDCWD, "/opt/ros/noetic/lib/tls", 0xffffc4627470, 0) = -1 ENOENT (No such file or directory)
4864  openat(AT_FDCWD, "/opt/ros/noetic/lib/aarch64/atomics/libpthread.so.0", O_RDONLY|O_CLOEXEC) = -1 ENOENT (No such file or directory)
4864  newfstatat(AT_FDCWD, "/opt/ros/noetic/lib/aarch64/atomics", 0xffffc4627470, 0) = -1 ENOENT (No such file or directory)
4864  openat(AT_FDCWD, "/opt/ros/noetic/lib/aarch64/libpthread.so.0", O_RDONLY|O_CLOEXEC) = -1 ENOENT (No such file or directory)
4864  newfstatat(AT_FDCWD, "/opt/ros/noetic/lib/aarch64", 0xffffc4627470, 0) = -1 ENOENT (No such file or directory)
4864  openat(AT_FDCWD, "/opt/ros/noetic/lib/atomics/libpthread.so.0", O_RDONLY|O_CLOEXEC) = -1 ENOENT (No such file or directory)
4864  newfstatat(AT_FDCWD, "/opt/ros/noetic/lib/atomics", 0xffffc4627470, 0) = -1 ENOENT (No such file or directory)
4864  openat(AT_FDCWD, "/opt/ros/noetic/lib/libpthread.so.0", O_RDONLY|O_CLOEXEC) = -1 ENOENT (No such file or directory)
4864  newfstatat(AT_FDCWD, "/opt/ros/noetic/lib", {st_mode=S_IFDIR|0755, st_size=12288, ...}, 0) = 0
4864  openat(AT_FDCWD, "/home/xololibra/catkin_ws/install/lib/mavlink_sitl_gazebo/plugins/tls/aarch64/atomics/libpthread.so.0", O_RDONLY|O_CLOEXEC) = -1 ENOENT (No such file or directory)
4864  newfstatat(AT_FDCWD, "/home/xololibra/catkin_ws/install/lib/mavlink_sitl_gazebo/plugins/tls/aarch64/atomics", 0xffffc4627470, 0) = -1 ENOENT (No such file or directory)
4864  openat(AT_FDCWD, "/home/xololibra/catkin_ws/install/lib/mavlink_sitl_gazebo/plugins/tls/aarch64/libpthread.so.0", O_RDONLY|O_CLOEXEC) = -1 ENOENT (No such file or directory)
4864  newfstatat(AT_FDCWD, "/home/xololibra/catkin_ws/install/lib/mavlink_sitl_gazebo/plugins/tls/aarch64", 0xffffc4627470, 0) = -1 ENOENT (No such file or directory)
4864  openat(AT_FDCWD, "/home/xololibra/catkin_ws/install/lib/mavlink_sitl_gazebo/plugins/tls/atomics/libpthread.so.0", O_RDONLY|O_CLOEXEC) = -1 ENOENT (No such file or directory)
4864  newfstatat(AT_FDCWD, "/home/xololibra/catkin_ws/install/lib/mavlink_sitl_gazebo/plugins/tls/atomics", 0xffffc4627470, 0) = -1 ENOENT (No such file or directory)
4864  openat(AT_FDCWD, "/home/xololibra/catkin_ws/install/lib/mavlink_sitl_gazebo/plugins/tls/libpthread.so.0", O_RDONLY|O_CLOEXEC) = -1 ENOENT (No such file or directory)
4864  newfstatat(AT_FDCWD, "/home/xololibra/catkin_ws/install/lib/mavlink_sitl_gazebo/plugins/tls", 0xffffc4627470, 0) = -1 ENOENT (No such file or directory)
4864  openat(AT_FDCWD, "/home/xololibra/catkin_ws/install/lib/mavlink_sitl_gazebo/plugins/aarch64/atomics/libpthread.so.0", O_RDONLY|O_CLOEXEC) = -1 ENOENT (No such file or directory)
4864  newfstatat(AT_FDCWD, "/home/xololibra/catkin_ws/install/lib/mavlink_sitl_gazebo/plugins/aarch64/atomics", 0xffffc4627470, 0) = -1 ENOENT (No such file or directory)
4864  openat(AT_FDCWD, "/home/xololibra/catkin_ws/install/lib/mavlink_sitl_gazebo/plugins/aarch64/libpthread.so.0", O_RDONLY|O_CLOEXEC) = -1 ENOENT (No such file or directory)
4864  newfstatat(AT_FDCWD, "/home/xololibra/catkin_ws/install/lib/mavlink_sitl_gazebo/plugins/aarch64", 0xffffc4627470, 0) = -1 ENOENT (No such file or directory)
4864  openat(AT_FDCWD, "/home/xololibra/catkin_ws/install/lib/mavlink_sitl_gazebo/plugins/atomics/libpthread.so.0", O_RDONLY|O_CLOEXEC) = -1 ENOENT (No such file or directory)
4864  newfstatat(AT_FDCWD, "/home/xololibra/catkin_ws/install/lib/mavlink_sitl_gazebo/plugins/atomics", 0xffffc4627470, 0) = -1 ENOENT (No such file or directory)
4864  openat(AT_FDCWD, "/home/xololibra/catkin_ws/install/lib/mavlink_sitl_gazebo/plugins/libpthread.so.0", O_RDONLY|O_CLOEXEC) = -1 ENOENT (No such file or directory)
4864  newfstatat(AT_FDCWD, "/home/xololibra/catkin_ws/install/lib/mavlink_sitl_gazebo/plugins", 0xffffc4627470, 0) = -1 ENOENT (No such file or directory)
4864  openat(AT_FDCWD, "/usr/lib/aarch64-linux-gnu/gazebo-11/plugins/tls/aarch64/atomics/libpthread.so.0", O_RDONLY|O_CLOEXEC) = -1 ENOENT (No such file or directory)
4864  newfstatat(AT_FDCWD, "/usr/lib/aarch64-linux-gnu/gazebo-11/plugins/tls/aarch64/atomics", 0xffffc4627470, 0) = -1 ENOENT (No such file or directory)
4864  openat(AT_FDCWD, "/usr/lib/aarch64-linux-gnu/gazebo-11/plugins/tls/aarch64/libpthread.so.0", O_RDONLY|O_CLOEXEC) = -1 ENOENT (No such file or directory)
4864  newfstatat(AT_FDCWD, "/usr/lib/aarch64-linux-gnu/gazebo-11/plugins/tls/aarch64", 0xffffc4627470, 0) = -1 ENOENT (No such file or directory)
4864  openat(AT_FDCWD, "/usr/lib/aarch64-linux-gnu/gazebo-11/plugins/tls/atomics/libpthread.so.0", O_RDONLY|O_CLOEXEC) = -1 ENOENT (No such file or directory)
4864  newfstatat(AT_FDCWD, "/usr/lib/aarch64-linux-gnu/gazebo-11/plugins/tls/atomics", 0xffffc4627470, 0) = -1 ENOENT (No such file or directory)
4864  openat(AT_FDCWD, "/usr/lib/aarch64-linux-gnu/gazebo-11/plugins/tls/libpthread.so.0", O_RDONLY|O_CLOEXEC) = -1 ENOENT (No such file or directory)
4864  newfstatat(AT_FDCWD, "/usr/lib/aarch64-linux-gnu/gazebo-11/plugins/tls", 0xffffc4627470, 0) = -1 ENOENT (No such file or directory)
4864  openat(AT_FDCWD, "/usr/lib/aarch64-linux-gnu/gazebo-11/plugins/aarch64/atomics/libpthread.so.0", O_RDONLY|O_CLOEXEC) = -1 ENOENT (No such file or directory)
4864  newfstatat(AT_FDCWD, "/usr/lib/aarch64-linux-gnu/gazebo-11/plugins/aarch64/atomics", 0xffffc4627470, 0) = -1 ENOENT (No such file or directory)
4864  openat(AT_FDCWD, "/usr/lib/aarch64-linux-gnu/gazebo-11/plugins/aarch64/libpthread.so.0", O_RDONLY|O_CLOEXEC) = -1 ENOENT (No such file or directory)
4864  newfstatat(AT_FDCWD, "/usr/lib/aarch64-linux-gnu/gazebo-11/plugins/aarch64", 0xffffc4627470, 0) = -1 ENOENT (No such file or directory)
4864  openat(AT_FDCWD, "/usr/lib/aarch64-linux-gnu/gazebo-11/plugins/atomics/libpthread.so.0", O_RDONLY|O_CLOEXEC) = -1 ENOENT (No such file or directory)
4864  newfstatat(AT_FDCWD, "/usr/lib/aarch64-linux-gnu/gazebo-11/plugins/atomics", 0xffffc4627470, 0) = -1 ENOENT (No such file or directory)
4864  openat(AT_FDCWD, "/usr/lib/aarch64-linux-gnu/gazebo-11/plugins/libpthread.so.0", O_RDONLY|O_CLOEXEC) = -1 ENOENT (No such file or directory)
4864  newfstatat(AT_FDCWD, "/usr/lib/aarch64-linux-gnu/gazebo-11/plugins", {st_mode=S_IFDIR|0755, st_size=4096, ...}, 0) = 0
4864  openat(AT_FDCWD, "/home/xololibra/install/lib/mavlink_sitl_gazebo/plugins/tls/aarch64/atomics/libpthread.so.0", O_RDONLY|O_CLOEXEC) = -1 ENOENT (No such file or directory)
4864  newfstatat(AT_FDCWD, "/home/xololibra/install/lib/mavlink_sitl_gazebo/plugins/tls/aarch64/atomics", 0xffffc4627470, 0) = -1 ENOENT (No such file or directory)
4864  openat(AT_FDCWD, "/home/xololibra/install/lib/mavlink_sitl_gazebo/plugins/tls/aarch64/libpthread.so.0", O_RDONLY|O_CLOEXEC) = -1 ENOENT (No such file or directory)
4864  newfstatat(AT_FDCWD, "/home/xololibra/install/lib/mavlink_sitl_gazebo/plugins/tls/aarch64", 0xffffc4627470, 0) = -1 ENOENT (No such file or directory)
4864  openat(AT_FDCWD, "/home/xololibra/install/lib/mavlink_sitl_gazebo/plugins/tls/atomics/libpthread.so.0", O_RDONLY|O_CLOEXEC) = -1 ENOENT (No such file or directory)
4864  newfstatat(AT_FDCWD, "/home/xololibra/install/lib/mavlink_sitl_gazebo/plugins/tls/atomics", 0xffffc4627470, 0) = -1 ENOENT (No such file or directory)
4864  openat(AT_FDCWD, "/home/xololibra/install/lib/mavlink_sitl_gazebo/plugins/tls/libpthread.so.0", O_RDONLY|O_CLOEXEC) = -1 ENOENT (No such file or directory)
4864  newfstatat(AT_FDCWD, "/home/xololibra/install/lib/mavlink_sitl_gazebo/plugins/tls", 0xffffc4627470, 0) = -1 ENOENT (No such file or directory)
4864  openat(AT_FDCWD, "/home/xololibra/install/lib/mavlink_sitl_gazebo/plugins/aarch64/atomics/libpthread.so.0", O_RDONLY|O_CLOEXEC) = -1 ENOENT (No such file or directory)
4864  newfstatat(AT_FDCWD, "/home/xololibra/install/lib/mavlink_sitl_gazebo/plugins/aarch64/atomics", 0xffffc4627470, 0) = -1 ENOENT (No such file or directory)
4864  openat(AT_FDCWD, "/home/xololibra/install/lib/mavlink_sitl_gazebo/plugins/aarch64/libpthread.so.0", O_RDONLY|O_CLOEXEC) = -1 ENOENT (No such file or directory)
4864  newfstatat(AT_FDCWD, "/home/xololibra/install/lib/mavlink_sitl_gazebo/plugins/aarch64", 0xffffc4627470, 0) = -1 ENOENT (No such file or directory)
4864  openat(AT_FDCWD, "/home/xololibra/install/lib/mavlink_sitl_gazebo/plugins/atomics/libpthread.so.0", O_RDONLY|O_CLOEXEC) = -1 ENOENT (No such file or directory)
4864  newfstatat(AT_FDCWD, "/home/xololibra/install/lib/mavlink_sitl_gazebo/plugins/atomics", 0xffffc4627470, 0) = -1 ENOENT (No such file or directory)
4864  openat(AT_FDCWD, "/home/xololibra/install/lib/mavlink_sitl_gazebo/plugins/libpthread.so.0", O_RDONLY|O_CLOEXEC) = -1 ENOENT (No such file or directory)
4864  newfstatat(AT_FDCWD, "/home/xololibra/install/lib/mavlink_sitl_gazebo/plugins", 0xffffc4627470, 0) = -1 ENOENT (No such file or directory)
4864  openat(AT_FDCWD, "/etc/ld.so.cache", O_RDONLY|O_CLOEXEC) = 3
4864  fstat(3, {st_mode=S_IFREG|0644, st_size=246860, ...}) = 0
4864  mmap(NULL, 246860, PROT_READ, MAP_PRIVATE, 3, 0) = 0xffffbcd5d000
4864  close(3)                          = 0
4864  openat(AT_FDCWD, "/lib/aarch64-linux-gnu/libpthread.so.0", O_RDONLY|O_CLOEXEC) = 3
4864  read(3, "\177ELF\2\1\1\0\0\0\0\0\0\0\0\0\3\0\267\0\1\0\0\0Ha\0\0\0\0\0\0"..., 832) = 832
4864  fstat(3, {st_mode=S_IFREG|0755, st_size=164304, ...}) = 0
4864  mmap(NULL, 197624, PROT_READ|PROT_EXEC, MAP_PRIVATE|MAP_DENYWRITE, 3, 0) = 0xffffbcd2c000
4864  mprotect(0xffffbcd48000, 61440, PROT_NONE) = 0
4864  mmap(0xffffbcd57000, 8192, PROT_READ|PROT_WRITE, MAP_PRIVATE|MAP_FIXED|MAP_DENYWRITE, 3, 0x1b000) = 0xffffbcd57000
4864  mmap(0xffffbcd59000, 13304, PROT_READ|PROT_WRITE, MAP_PRIVATE|MAP_FIXED|MAP_ANONYMOUS, -1, 0) = 0xffffbcd59000
4864  close(3)                          = 0
4864  openat(AT_FDCWD, "/home/xololibra/devel/lib/libstdc++.so.6", O_RDONLY|O_CLOEXEC) = -1 ENOENT (No such file or directory)
4864  openat(AT_FDCWD, "/opt/ros/noetic/lib/libstdc++.so.6", O_RDONLY|O_CLOEXEC) = -1 ENOENT (No such file or directory)
4864  openat(AT_FDCWD, "/usr/lib/aarch64-linux-gnu/gazebo-11/plugins/libstdc++.so.6", O_RDONLY|O_CLOEXEC) = -1 ENOENT (No such file or directory)
4864  openat(AT_FDCWD, "/lib/aarch64-linux-gnu/libstdc++.so.6", O_RDONLY|O_CLOEXEC) = 3
4864  read(3, "\177ELF\2\1\1\3\0\0\0\0\0\0\0\0\3\0\267\0\1\0\0\0\220\247\t\0\0\0\0\0"..., 832) = 832
4864  fstat(3, {st_mode=S_IFREG|0644, st_size=1907976, ...}) = 0
4864  mmap(NULL, 1984112, PROT_READ|PROT_EXEC, MAP_PRIVATE|MAP_DENYWRITE, 3, 0) = 0xffffbcb47000
4864  mprotect(0xffffbcd0c000, 61440, PROT_NONE) = 0
4864  mmap(0xffffbcd1b000, 57344, PROT_READ|PROT_WRITE, MAP_PRIVATE|MAP_FIXED|MAP_DENYWRITE, 3, 0x1c4000) = 0xffffbcd1b000
4864  mmap(0xffffbcd29000, 9840, PROT_READ|PROT_WRITE, MAP_PRIVATE|MAP_FIXED|MAP_ANONYMOUS, -1, 0) = 0xffffbcd29000
4864  close(3)                          = 0
4864  openat(AT_FDCWD, "/home/xololibra/devel/lib/libgcc_s.so.1", O_RDONLY|O_CLOEXEC) = -1 ENOENT (No such file or directory)
4864  openat(AT_FDCWD, "/opt/ros/noetic/lib/libgcc_s.so.1", O_RDONLY|O_CLOEXEC) = -1 ENOENT (No such file or directory)
4864  openat(AT_FDCWD, "/usr/lib/aarch64-linux-gnu/gazebo-11/plugins/libgcc_s.so.1", O_RDONLY|O_CLOEXEC) = -1 ENOENT (No such file or directory)
4864  openat(AT_FDCWD, "/lib/aarch64-linux-gnu/libgcc_s.so.1", O_RDONLY|O_CLOEXEC) = 3
4864  read(3, "\177ELF\2\1\1\0\0\0\0\0\0\0\0\0\3\0\267\0\1\0\0\0\320)\0\0\0\0\0\0"..., 832) = 832
4864  fstat(3, {st_mode=S_IFREG|0644, st_size=80200, ...}) = 0
4864  mmap(NULL, 144472, PROT_READ|PROT_EXEC, MAP_PRIVATE|MAP_DENYWRITE, 3, 0) = 0xffffbcb23000
4864  mprotect(0xffffbcb36000, 61440, PROT_NONE) = 0
4864  mmap(0xffffbcb45000, 8192, PROT_READ|PROT_WRITE, MAP_PRIVATE|MAP_FIXED|MAP_DENYWRITE, 3, 0x12000) = 0xffffbcb45000
4864  close(3)                          = 0
4864  openat(AT_FDCWD, "/home/xololibra/devel/lib/libc.so.6", O_RDONLY|O_CLOEXEC) = -1 ENOENT (No such file or directory)
4864  openat(AT_FDCWD, "/opt/ros/noetic/lib/libc.so.6", O_RDONLY|O_CLOEXEC) = -1 ENOENT (No such file or directory)
4864  openat(AT_FDCWD, "/usr/lib/aarch64-linux-gnu/gazebo-11/plugins/libc.so.6", O_RDONLY|O_CLOEXEC) = -1 ENOENT (No such file or directory)
4864  openat(AT_FDCWD, "/lib/aarch64-linux-gnu/libc.so.6", O_RDONLY|O_CLOEXEC) = 3
4864  read(3, "\177ELF\2\1\1\3\0\0\0\0\0\0\0\0\3\0\267\0\1\0\0\0`\17\2\0\0\0\0\0"..., 832) = 832
4864  fstat(3, {st_mode=S_IFREG|0755, st_size=1450832, ...}) = 0
4864  mmap(NULL, 1519552, PROT_READ|PROT_EXEC, MAP_PRIVATE|MAP_DENYWRITE, 3, 0) = 0xffffbc9b0000
4864  mprotect(0xffffbcb0b000, 61440, PROT_NONE) = 0
4864  mmap(0xffffbcb1a000, 24576, PROT_READ|PROT_WRITE, MAP_PRIVATE|MAP_FIXED|MAP_DENYWRITE, 3, 0x15a000) = 0xffffbcb1a000
4864  mmap(0xffffbcb20000, 12224, PROT_READ|PROT_WRITE, MAP_PRIVATE|MAP_FIXED|MAP_ANONYMOUS, -1, 0) = 0xffffbcb20000
4864  close(3)                          = 0
4864  openat(AT_FDCWD, "/home/xololibra/devel/lib/libm.so.6", O_RDONLY|O_CLOEXEC) = -1 ENOENT (No such file or directory)
4864  openat(AT_FDCWD, "/opt/ros/noetic/lib/libm.so.6", O_RDONLY|O_CLOEXEC) = -1 ENOENT (No such file or directory)
4864  openat(AT_FDCWD, "/usr/lib/aarch64-linux-gnu/gazebo-11/plugins/libm.so.6", O_RDONLY|O_CLOEXEC) = -1 ENOENT (No such file or directory)
4864  openat(AT_FDCWD, "/lib/aarch64-linux-gnu/libm.so.6", O_RDONLY|O_CLOEXEC) = 3
4864  read(3, "\177ELF\2\1\1\0\0\0\0\0\0\0\0\0\3\0\267\0\1\0\0\0\360\272\0\0\0\0\0\0"..., 832) = 832
4864  fstat(3, {st_mode=S_IFREG|0644, st_size=633832, ...}) = 0
4864  mmap(NULL, 696440, PROT_READ|PROT_EXEC, MAP_PRIVATE|MAP_DENYWRITE, 3, 0) = 0xffffbc905000
4864  mprotect(0xffffbc99e000, 65536, PROT_NONE) = 0
4864  mmap(0xffffbc9ae000, 8192, PROT_READ|PROT_WRITE, MAP_PRIVATE|MAP_FIXED|MAP_DENYWRITE, 3, 0x99000) = 0xffffbc9ae000
4864  close(3)                          = 0
4864  mmap(NULL, 8192, PROT_READ|PROT_WRITE, MAP_PRIVATE|MAP_ANONYMOUS, -1, 0) = 0xffffbcdc4000
4864  mprotect(0xffffbcb1a000, 16384, PROT_READ) = 0
4864  mprotect(0xffffbc9ae000, 4096, PROT_READ) = 0
4864  mprotect(0xffffbcb45000, 4096, PROT_READ) = 0
4864  mmap(NULL, 8192, PROT_READ|PROT_WRITE, MAP_PRIVATE|MAP_ANONYMOUS, -1, 0) = 0xffffbcdc2000
4864  mprotect(0xffffbcd1b000, 45056, PROT_READ) = 0
4864  mprotect(0xffffbcd57000, 4096, PROT_READ) = 0
4864  mprotect(0xaaaade002000, 4096, PROT_READ) = 0
4864  mprotect(0xffffbcdcb000, 4096, PROT_READ) = 0
4864  munmap(0xffffbcd5d000, 246860)    = 0
4864  set_tid_address(0xffffbcdc4fb0)   = 4864
4864  set_robust_list(0xffffbcdc4fc0, 24) = 0
4864  rt_sigaction(SIGRTMIN, {sa_handler=0xffffbcd31bd0, sa_mask=[], sa_flags=SA_SIGINFO}, NULL, 8) = 0
4864  rt_sigaction(SIGRT_1, {sa_handler=0xffffbcd31c90, sa_mask=[], sa_flags=SA_RESTART|SA_SIGINFO}, NULL, 8) = 0
4864  rt_sigprocmask(SIG_UNBLOCK, [RTMIN RT_1], NULL, 8) = 0
4864  prlimit64(0, RLIMIT_STACK, NULL, {rlim_cur=8192*1024, rlim_max=RLIM64_INFINITY}) = 0
4864  brk(NULL)                         = 0xaaab13dde000
4864  brk(0xaaab13dff000)               = 0xaaab13dff000
4864  futex(0xffffbcd296c8, FUTEX_WAKE_PRIVATE, 2147483647) = 0
4864  futex(0xffffbcd296cc, FUTEX_WAKE_PRIVATE, 2147483647) = 0
4864  mmap(NULL, 401408, PROT_READ|PROT_WRITE, MAP_PRIVATE|MAP_ANONYMOUS, -1, 0) = 0xffffbc8a3000
4864  openat(AT_FDCWD, "trace.log", O_WRONLY|O_CREAT|O_TRUNC, 0666) = 3
4864  write(3, "Starting TimSort with 4 threads "..., 56) = 56
4864  clock_gettime(CLOCK_PROCESS_CPUTIME_ID, {tv_sec=0, tv_nsec=10188045}) = 0
4864  mmap(NULL, 8392704, PROT_NONE, MAP_PRIVATE|MAP_ANONYMOUS|MAP_STACK, -1, 0) = 0xffffbc0a2000
4864  mprotect(0xffffbc0a3000, 8388608, PROT_READ|PROT_WRITE) = 0
4864  clone(child_stack=0xffffbc8a1ac0, flags=CLONE_VM|CLONE_FS|CLONE_FILES|CLONE_SIGHAND|CLONE_THREAD|CLONE_SYSVSEM|CLONE_SETTLS|CLONE_PARENT_SETTID|CLONE_CHILD_CLEARTID, parent_tid=[4866], tls=0xffffbc8a28c0, child_tidptr=0xffffbc8a2290) = 4866
4866  set_robust_list(0xffffbc8a22a0, 24 <unfinished ...>
4864  mmap(NULL, 8392704, PROT_NONE, MAP_PRIVATE|MAP_ANONYMOUS|MAP_STACK, -1, 0 <unfinished ...>
4866  <... set_robust_list resumed>)    = 0
4864  <... mmap resumed>)               = 0xffffbb8a1000
4864  mprotect(0xffffbb8a2000, 8388608, PROT_READ|PROT_WRITE) = 0
4864  clone(child_stack=0xffffbc0a0ac0, flags=CLONE_VM|CLONE_FS|CLONE_FILES|CLONE_SIGHAND|CLONE_THREAD|CLONE_SYSVSEM|CLONE_SETTLS|CLONE_PARENT_SETTID|CLONE_CHILD_CLEARTID <unfinished ...>
4866  mmap(NULL, 134217728, PROT_NONE, MAP_PRIVATE|MAP_ANONYMOUS|MAP_NORESERVE, -1, 0 <unfinished ...>
4864  <... clone resumed>, parent_tid=[4867], tls=0xffffbc0a18c0, child_tidptr=0xffffbc0a1290) = 4867
4867  set_robust_list(0xffffbc0a12a0, 24 <unfinished ...>
4864  mmap(NULL, 8392704, PROT_NONE, MAP_PRIVATE|MAP_ANONYMOUS|MAP_STACK, -1, 0 <unfinished ...>
4867  <... set_robust_list resumed>)    = 0
4866  <... mmap resumed>)               = 0xffffb38a1000
4864  <... mmap resumed>)               = 0xffffb30a0000
4866  munmap(0xffffb38a1000, 7729152 <unfinished ...>
4864  mprotect(0xffffb30a1000, 8388608, PROT_READ|PROT_WRITE <unfinished ...>
4866  <... munmap resumed>)             = 0
4864  <... mprotect resumed>)           = 0
4866  munmap(0xffffb8000000, 59379712 <unfinished ...>
4864  clone(child_stack=0xffffb389fac0, flags=CLONE_VM|CLONE_FS|CLONE_FILES|CLONE_SIGHAND|CLONE_THREAD|CLONE_SYSVSEM|CLONE_SETTLS|CLONE_PARENT_SETTID|CLONE_CHILD_CLEARTID <unfinished ...>
4866  <... munmap resumed>)             = 0
4866  mprotect(0xffffb4000000, 135168, PROT_READ|PROT_WRITE <unfinished ...>
4864  <... clone resumed>, parent_tid=[4868], tls=0xffffb38a08c0, child_tidptr=0xffffb38a0290) = 4868
4866  <... mprotect resumed>)           = 0
4864  mmap(NULL, 8392704, PROT_NONE, MAP_PRIVATE|MAP_ANONYMOUS|MAP_STACK, -1, 0 <unfinished ...>
4868  set_robust_list(0xffffb38a02a0, 24 <unfinished ...>
4867  mmap(NULL, 134217728, PROT_NONE, MAP_PRIVATE|MAP_ANONYMOUS|MAP_NORESERVE, -1, 0 <unfinished ...>
4868  <... set_robust_list resumed>)    = 0
4867  <... mmap resumed>)               = 0xffffab0a0000
4864  <... mmap resumed>)               = 0xffffbb0a0000
4867  munmap(0xffffab0a0000, 16121856 <unfinished ...>
4864  mprotect(0xffffbb0a1000, 8388608, PROT_READ|PROT_WRITE <unfinished ...>
4867  <... munmap resumed>)             = 0
4864  <... mprotect resumed>)           = 0
4864  clone(child_stack=0xffffbb89fac0, flags=CLONE_VM|CLONE_FS|CLONE_FILES|CLONE_SIGHAND|CLONE_THREAD|CLONE_SYSVSEM|CLONE_SETTLS|CLONE_PARENT_SETTID|CLONE_CHILD_CLEARTID <unfinished ...>
4867  munmap(0xffffb0000000, 50987008)  = 0
4864  <... clone resumed>, parent_tid=[4869], tls=0xffffbb8a08c0, child_tidptr=0xffffbb8a0290) = 4869
4868  mmap(NULL, 134217728, PROT_NONE, MAP_PRIVATE|MAP_ANONYMOUS|MAP_NORESERVE, -1, 0 <unfinished ...>
4867  mprotect(0xffffac000000, 135168, PROT_READ|PROT_WRITE <unfinished ...>
4864  futex(0xffffbc8a2290, FUTEX_WAIT, 4866, NULL <unfinished ...>
4869  set_robust_list(0xffffbb8a02a0, 24 <unfinished ...>
4868  <... mmap resumed>)               = 0xffffa4000000
4867  <... mprotect resumed>)           = 0
4869  <... set_robust_list resumed>)    = 0
4868  munmap(0xffffa8000000, 67108864)  = 0
4868  mprotect(0xffffa4000000, 135168, PROT_READ|PROT_WRITE) = 0
4866  madvise(0xffffbc0a2000, 8253440, MADV_DONTNEED) = 0
4866  exit(0)                           = ?
4864  <... futex resumed>)              = 0
4866  +++ exited with 0 +++
4864  futex(0xffffbc0a1290, FUTEX_WAIT, 4867, NULL <unfinished ...>
4867  madvise(0xffffbb8a1000, 8253440, MADV_DONTNEED) = 0
4868  madvise(0xffffb30a0000, 8253440, MADV_DONTNEED <unfinished ...>
4867  exit(0 <unfinished ...>
4868  <... madvise resumed>)            = 0
4867  <... exit resumed>)               = ?
4868  exit(0 <unfinished ...>
4867  +++ exited with 0 +++
4864  <... futex resumed>)              = 0
4864  futex(0xffffb38a0290, FUTEX_WAIT, 4868, NULL <unfinished ...>
4868  <... exit resumed>)               = ?
4868  +++ exited with 0 +++
4864  <... futex resumed>)              = 0
4869  madvise(0xffffbb0a0000, 8253440, MADV_DONTNEED <unfinished ...>
4864  futex(0xffffbb8a0290, FUTEX_WAIT, 4869, NULL <unfinished ...>
4869  <... madvise resumed>)            = 0
4869  exit(0)                           = ?
4869  +++ exited with 0 +++
4864  <... futex resumed>)              = 0
4864  brk(0xaaab13e2b000)               = 0xaaab13e2b000
4864  brk(0xaaab13e13000)               = 0xaaab13e13000
4864  brk(0xaaab13e44000)               = 0xaaab13e44000
4864  brk(0xaaab13e13000)               = 0xaaab13e13000
4864  mmap(NULL, 200704, PROT_READ|PROT_WRITE, MAP_PRIVATE|MAP_ANONYMOUS, -1, 0) = 0xffffbcd69000
4864  mmap(NULL, 200704, PROT_READ|PROT_WRITE, MAP_PRIVATE|MAP_ANONYMOUS, -1, 0) = 0xffffbb06f000
4864  munmap(0xffffbcd69000, 200704)    = 0
4864  munmap(0xffffbb06f000, 200704)    = 0
4864  clock_gettime(CLOCK_PROCESS_CPUTIME_ID, {tv_sec=0, tv_nsec=27478913}) = 0
4864  write(3, "Sorting completed in 0.01729 sec"..., 37) = 37
4864  munmap(0xffffbc8a3000, 401408)    = 0
4864  close(3)                          = 0
4864  exit_group(0)                     = ?
4864  +++ exited with 0 +++
